2019-04-15 20:53:04.870 [background-preinit] INFO  [org.hibernate.validator.internal.util.Version:30] - HV000001: Hibernate Validator 5.2.5.Final
2019-04-15 20:53:04.910 [main] INFO  [com.ruantong.house.HouseApplication:48] - Starting HouseApplication on PC-20181228WIPD with PID 10132 (D:\houses\target\classes started by Administrator in D:\houses)
2019-04-15 20:53:04.911 [main] INFO  [com.ruantong.house.HouseApplication:662] - No active profile set, falling back to default profiles: default
2019-04-15 20:53:05.084 [main] INFO  [o.s.b.c.e.AnnotationConfigEmbeddedWebApplicationContext:583] - Refreshing org.springframework.boot.context.embedded.AnnotationConfigEmbeddedWebApplicationContext@158da8e: startup date [Mon Apr 15 20:53:05 CST 2019]; root of context hierarchy
2019-04-15 20:53:05.717 [main] INFO  [o.s.b.factory.support.DefaultListableBeanFactory:828] - Overriding bean definition for bean 'servletRegistrationBean' with a different definition: replacing [Root bean: class [null]; scope=; abstract=false; lazyInit=false; autowireMode=3; dependencyCheck=0; autowireCandidate=true; primary=false; factoryBeanName=druidConfig; factoryMethodName=servletRegistrationBean; initMethodName=null; destroyMethodName=(inferred); defined in class path resource [com/ruantong/house/config/DruidConfig.class]] with [Root bean: class [null]; scope=; abstract=false; lazyInit=false; autowireMode=3; dependencyCheck=0; autowireCandidate=true; primary=false; factoryBeanName=com.alibaba.druid.spring.boot.autoconfigure.DruidStatViewServletConfiguration; factoryMethodName=servletRegistrationBean; initMethodName=null; destroyMethodName=(inferred); defined in class path resource [com/alibaba/druid/spring/boot/autoconfigure/DruidStatViewServletConfiguration.class]]
2019-04-15 20:53:06.249 [main] INFO  [org.eclipse.jetty.util.log:192] - Logging initialized @3515ms
2019-04-15 20:53:06.305 [main] INFO  [o.s.b.c.e.j.JettyEmbeddedServletContainerFactory:173] - Server initialized with port: 8090
2019-04-15 20:53:06.306 [main] INFO  [org.eclipse.jetty.server.Server:346] - jetty-9.3.19.v20170502
2019-04-15 20:53:06.365 [main] INFO  [application:2167] - Initializing Spring embedded WebApplicationContext
2019-04-15 20:53:06.365 [main] INFO  [org.springframework.web.context.ContextLoader:276] - Root WebApplicationContext: initialization completed in 1281 ms
2019-04-15 20:53:06.520 [main] INFO  [o.s.boot.web.servlet.ServletRegistrationBean:190] - Mapping servlet: 'statViewServlet' to [/druid/*]
2019-04-15 20:53:06.521 [main] INFO  [o.s.boot.web.servlet.ServletRegistrationBean:190] - Mapping servlet: 'dispatcherServlet' to [/]
2019-04-15 20:53:06.522 [main] INFO  [o.s.boot.web.servlet.FilterRegistrationBean:258] - Mapping filter: 'characterEncodingFilter' to: [/*]
2019-04-15 20:53:06.523 [main] INFO  [o.s.boot.web.servlet.FilterRegistrationBean:258] - Mapping filter: 'hiddenHttpMethodFilter' to: [/*]
2019-04-15 20:53:06.523 [main] INFO  [o.s.boot.web.servlet.FilterRegistrationBean:258] - Mapping filter: 'httpPutFormContentFilter' to: [/*]
2019-04-15 20:53:06.524 [main] INFO  [o.s.boot.web.servlet.FilterRegistrationBean:258] - Mapping filter: 'requestContextFilter' to: [/*]
2019-04-15 20:53:06.524 [main] INFO  [o.s.boot.web.servlet.FilterRegistrationBean:271] - Mapping filter: 'loginFilter' to urls: [*]
2019-04-15 20:53:06.524 [main] INFO  [o.s.boot.web.servlet.FilterRegistrationBean:271] - Mapping filter: 'webStatFilter' to urls: [/*]
2019-04-15 20:53:07.006 [main] INFO  [org.eclipse.jetty.server.handler.ContextHandler:781] - Started o.s.b.c.e.j.JettyEmbeddedWebAppContext@3b08f438{/,[file:///C:/Users/Administrator/AppData/Local/Temp/jetty-docbase.4895544316161218771.8090/],AVAILABLE}
2019-04-15 20:53:07.006 [main] INFO  [org.eclipse.jetty.server.Server:414] - Started @4272ms
2019-04-15 20:53:07.342 [main] INFO  [com.alibaba.druid.pool.DruidDataSource:847] - {dataSource-1} inited
2019-04-15 20:53:07.767 [main] INFO  [o.s.w.s.m.m.a.RequestMappingHandlerAdapter:534] - Looking for @ControllerAdvice: org.springframework.boot.context.embedded.AnnotationConfigEmbeddedWebApplicationContext@158da8e: startup date [Mon Apr 15 20:53:05 CST 2019]; root of context hierarchy
2019-04-15 20:53:07.805 [main] INFO  [o.s.w.s.m.m.a.RequestMappingHandlerMapping:543] - Mapped "{[/index]}" onto public java.lang.String com.ruantong.house.controller.HelloController.index()
2019-04-15 20:53:07.806 [main] INFO  [o.s.w.s.m.m.a.RequestMappingHandlerMapping:543] - Mapped "{[/hello]}" onto public java.lang.String com.ruantong.house.controller.HelloController.hello(org.springframework.ui.ModelMap)
2019-04-15 20:53:07.807 [main] INFO  [o.s.w.s.m.m.a.RequestMappingHandlerMapping:543] - Mapped "{[/user]}" onto public java.util.List<com.ruantong.house.model.User> com.ruantong.house.controller.UserController.getUsers()
2019-04-15 20:53:07.810 [main] INFO  [o.s.w.s.m.m.a.RequestMappingHandlerMapping:543] - Mapped "{[/error]}" onto public org.springframework.http.ResponseEntity<java.util.Map<java.lang.String, java.lang.Object>> org.springframework.boot.autoconfigure.web.BasicErrorController.error(javax.servlet.http.HttpServletRequest)
2019-04-15 20:53:07.810 [main] INFO  [o.s.w.s.m.m.a.RequestMappingHandlerMapping:543] - Mapped "{[/error],produces=[text/html]}" onto public org.springframework.web.servlet.ModelAndView org.springframework.boot.autoconfigure.web.BasicErrorController.errorHtml(javax.servlet.http.HttpServletRequest,javax.servlet.http.HttpServletResponse)
2019-04-15 20:53:07.838 [main] INFO  [o.s.web.servlet.handler.SimpleUrlHandlerMapping:362] - Mapped URL path [/webjars/**] onto handler of type [class org.springframework.web.servlet.resource.ResourceHttpRequestHandler]
2019-04-15 20:53:07.839 [main] INFO  [o.s.web.servlet.handler.SimpleUrlHandlerMapping:362] - Mapped URL path [/**] onto handler of type [class org.springframework.web.servlet.resource.ResourceHttpRequestHandler]
2019-04-15 20:53:07.869 [main] INFO  [o.s.web.servlet.handler.SimpleUrlHandlerMapping:362] - Mapped URL path [/**/favicon.ico] onto handler of type [class org.springframework.web.servlet.resource.ResourceHttpRequestHandler]
2019-04-15 20:53:08.018 [main] INFO  [o.s.w.servlet.view.freemarker.FreeMarkerConfigurer:127] - ClassTemplateLoader for Spring macros added to FreeMarker configuration
2019-04-15 20:53:08.221 [main] INFO  [o.s.jmx.export.annotation.AnnotationMBeanExporter:431] - Registering beans for JMX exposure on startup
2019-04-15 20:53:08.222 [main] INFO  [o.s.jmx.export.annotation.AnnotationMBeanExporter:916] - Bean with name 'dataSource' has been autodetected for JMX exposure
2019-04-15 20:53:08.223 [main] INFO  [o.s.jmx.export.annotation.AnnotationMBeanExporter:916] - Bean with name 'statFilter' has been autodetected for JMX exposure
2019-04-15 20:53:08.230 [main] INFO  [o.s.jmx.export.annotation.AnnotationMBeanExporter:671] - Located MBean 'dataSource': registering with JMX server as MBean [com.alibaba.druid.pool:name=dataSource,type=DruidDataSource]
2019-04-15 20:53:08.232 [main] INFO  [o.s.jmx.export.annotation.AnnotationMBeanExporter:671] - Located MBean 'statFilter': registering with JMX server as MBean [com.alibaba.druid.filter.stat:name=statFilter,type=StatFilter]
2019-04-15 20:53:08.249 [main] INFO  [application:2167] - Initializing Spring FrameworkServlet 'dispatcherServlet'
2019-04-15 20:53:08.249 [main] INFO  [org.springframework.web.servlet.DispatcherServlet:489] - FrameworkServlet 'dispatcherServlet': initialization started
2019-04-15 20:53:08.260 [main] INFO  [org.springframework.web.servlet.DispatcherServlet:508] - FrameworkServlet 'dispatcherServlet': initialization completed in 11 ms
2019-04-15 20:53:08.433 [main] INFO  [org.eclipse.jetty.server.AbstractConnector:278] - Started ServerConnector@22a10ac6{HTTP/1.1,[http/1.1]}{0.0.0.0:8090}
2019-04-15 20:53:08.436 [main] INFO  [o.s.b.c.e.jetty.JettyEmbeddedServletContainer:144] - Jetty started on port(s) 8090 (http/1.1)
2019-04-15 20:53:08.441 [main] INFO  [com.ruantong.house.HouseApplication:57] - Started HouseApplication in 4.109 seconds (JVM running for 5.707)
2019-04-15 20:53:26.136 [qtp699871906-29] INFO  [com.ruantong.house.filter.LoginFilter:19] - request-coming
2019-04-15 20:53:26.273 [qtp699871906-30] INFO  [com.ruantong.house.filter.LoginFilter:19] - request-coming
2019-04-15 20:53:26.280 [qtp699871906-28] INFO  [com.ruantong.house.filter.LoginFilter:19] - request-coming
2019-04-15 20:53:26.292 [qtp699871906-51] INFO  [com.ruantong.house.filter.LoginFilter:19] - request-coming
2019-04-15 20:53:26.292 [qtp699871906-29] INFO  [com.ruantong.house.filter.LoginFilter:19] - request-coming
2019-04-15 20:53:26.293 [qtp699871906-27] INFO  [com.ruantong.house.filter.LoginFilter:19] - request-coming
2019-04-15 20:53:26.296 [qtp699871906-32] INFO  [com.ruantong.house.filter.LoginFilter:19] - request-coming
2019-04-15 20:53:26.313 [qtp699871906-25] INFO  [com.ruantong.house.filter.LoginFilter:19] - request-coming
2019-04-15 20:53:26.313 [qtp699871906-53] INFO  [com.ruantong.house.filter.LoginFilter:19] - request-coming
2019-04-15 20:53:26.316 [qtp699871906-30] INFO  [com.ruantong.house.filter.LoginFilter:19] - request-coming
2019-04-15 20:53:26.317 [qtp699871906-54] INFO  [com.ruantong.house.filter.LoginFilter:19] - request-coming
2019-04-15 20:53:26.320 [qtp699871906-31] INFO  [com.ruantong.house.filter.LoginFilter:19] - request-coming
2019-04-15 20:53:26.332 [qtp699871906-51] INFO  [com.ruantong.house.filter.LoginFilter:19] - request-coming
2019-04-15 20:53:26.334 [qtp699871906-27] INFO  [com.ruantong.house.filter.LoginFilter:19] - request-coming
2019-04-15 20:53:26.341 [qtp699871906-29] INFO  [com.ruantong.house.filter.LoginFilter:19] - request-coming
2019-04-15 20:53:26.348 [qtp699871906-32] INFO  [com.ruantong.house.filter.LoginFilter:19] - request-coming
2019-04-15 20:53:26.351 [qtp699871906-53] INFO  [com.ruantong.house.filter.LoginFilter:19] - request-coming
2019-04-15 20:53:26.363 [qtp699871906-30] INFO  [com.ruantong.house.filter.LoginFilter:19] - request-coming
2019-04-15 20:53:26.377 [qtp699871906-28] INFO  [com.ruantong.house.filter.LoginFilter:19] - request-coming
2019-04-15 20:53:26.378 [qtp699871906-31] INFO  [com.ruantong.house.filter.LoginFilter:19] - request-coming
2019-04-15 20:53:26.383 [qtp699871906-31] INFO  [com.ruantong.house.filter.LoginFilter:19] - request-coming
2019-04-15 20:53:26.402 [qtp699871906-28] INFO  [com.ruantong.house.filter.LoginFilter:19] - request-coming
2019-04-15 20:53:26.402 [qtp699871906-27] INFO  [com.ruantong.house.filter.LoginFilter:19] - request-coming
2019-04-15 20:53:26.409 [qtp699871906-54] INFO  [com.ruantong.house.filter.LoginFilter:19] - request-coming
2019-04-15 20:53:26.425 [qtp699871906-29] INFO  [com.ruantong.house.filter.LoginFilter:19] - request-coming
2019-04-15 20:53:26.427 [qtp699871906-25] INFO  [com.ruantong.house.filter.LoginFilter:19] - request-coming
2019-04-15 20:53:26.427 [qtp699871906-51] INFO  [com.ruantong.house.filter.LoginFilter:19] - request-coming
2019-04-15 20:53:26.438 [qtp699871906-32] INFO  [com.ruantong.house.filter.LoginFilter:19] - request-coming
2019-04-15 20:53:26.439 [qtp699871906-30] INFO  [com.ruantong.house.filter.LoginFilter:19] - request-coming
2019-04-15 20:53:26.446 [qtp699871906-28] INFO  [com.ruantong.house.filter.LoginFilter:19] - request-coming
2019-04-15 20:53:26.460 [qtp699871906-27] INFO  [com.ruantong.house.filter.LoginFilter:19] - request-coming
2019-04-15 20:53:26.461 [qtp699871906-31] INFO  [com.ruantong.house.filter.LoginFilter:19] - request-coming
2019-04-15 20:53:26.474 [qtp699871906-54] INFO  [com.ruantong.house.filter.LoginFilter:19] - request-coming
2019-04-15 20:53:26.474 [qtp699871906-51] INFO  [com.ruantong.house.filter.LoginFilter:19] - request-coming
2019-04-15 20:53:26.475 [qtp699871906-25] INFO  [com.ruantong.house.filter.LoginFilter:19] - request-coming
2019-04-15 20:53:26.475 [qtp699871906-32] INFO  [com.ruantong.house.filter.LoginFilter:19] - request-coming
2019-04-15 20:53:26.486 [qtp699871906-28] INFO  [com.ruantong.house.filter.LoginFilter:19] - request-coming
2019-04-15 20:53:26.488 [qtp699871906-53] INFO  [com.ruantong.house.filter.LoginFilter:19] - request-coming
2019-04-15 20:53:26.493 [qtp699871906-29] INFO  [com.ruantong.house.filter.LoginFilter:19] - request-coming
2019-04-15 20:53:26.493 [qtp699871906-31] INFO  [com.ruantong.house.filter.LoginFilter:19] - request-coming
2019-04-15 20:53:26.494 [qtp699871906-27] INFO  [com.ruantong.house.filter.LoginFilter:19] - request-coming
2019-04-15 20:53:26.494 [qtp699871906-54] INFO  [com.ruantong.house.filter.LoginFilter:19] - request-coming
2019-04-15 20:53:26.508 [qtp699871906-30] INFO  [com.ruantong.house.filter.LoginFilter:19] - request-coming
2019-04-15 20:53:26.509 [qtp699871906-32] INFO  [com.ruantong.house.filter.LoginFilter:19] - request-coming
2019-04-15 20:53:26.519 [qtp699871906-25] INFO  [com.ruantong.house.filter.LoginFilter:19] - request-coming
2019-04-15 20:53:26.519 [qtp699871906-28] INFO  [com.ruantong.house.filter.LoginFilter:19] - request-coming
2019-04-15 20:53:26.520 [qtp699871906-53] INFO  [com.ruantong.house.filter.LoginFilter:19] - request-coming
2019-04-15 20:53:26.523 [qtp699871906-29] INFO  [com.ruantong.house.filter.LoginFilter:19] - request-coming
2019-04-15 20:53:26.535 [qtp699871906-51] INFO  [com.ruantong.house.filter.LoginFilter:19] - request-coming
2019-04-15 20:53:26.830 [qtp699871906-54] INFO  [com.ruantong.house.filter.LoginFilter:19] - request-coming
2019-04-15 20:53:27.000 [qtp699871906-31] INFO  [com.ruantong.house.filter.LoginFilter:19] - request-coming
2019-04-15 20:53:28.275 [qtp699871906-32] INFO  [com.ruantong.house.filter.LoginFilter:19] - request-coming
2019-04-15 20:53:28.276 [qtp699871906-27] INFO  [com.ruantong.house.filter.LoginFilter:19] - request-coming
2019-04-15 20:53:28.276 [qtp699871906-30] INFO  [com.ruantong.house.filter.LoginFilter:19] - request-coming
2019-04-15 20:53:28.284 [qtp699871906-30] INFO  [com.ruantong.house.filter.LoginFilter:19] - request-coming
2019-04-15 20:53:28.288 [qtp699871906-27] INFO  [com.ruantong.house.filter.LoginFilter:19] - request-coming
2019-04-15 20:53:28.289 [qtp699871906-30] INFO  [com.ruantong.house.filter.LoginFilter:19] - request-coming
2019-04-15 20:53:28.299 [qtp699871906-51] INFO  [com.ruantong.house.filter.LoginFilter:19] - request-coming
2019-04-15 20:53:28.299 [qtp699871906-53] INFO  [com.ruantong.house.filter.LoginFilter:19] - request-coming
2019-04-15 20:53:28.300 [qtp699871906-54] INFO  [com.ruantong.house.filter.LoginFilter:19] - request-coming
2019-04-15 20:53:28.301 [qtp699871906-27] INFO  [com.ruantong.house.filter.LoginFilter:19] - request-coming
2019-04-15 20:53:28.304 [qtp699871906-30] INFO  [com.ruantong.house.filter.LoginFilter:19] - request-coming
2019-04-15 20:53:28.311 [qtp699871906-51] INFO  [com.ruantong.house.filter.LoginFilter:19] - request-coming
2019-04-15 20:53:28.311 [qtp699871906-25] INFO  [com.ruantong.house.filter.LoginFilter:19] - request-coming
2019-04-15 20:53:28.312 [qtp699871906-31] INFO  [com.ruantong.house.filter.LoginFilter:19] - request-coming
2019-04-15 20:53:28.311 [qtp699871906-28] INFO  [com.ruantong.house.filter.LoginFilter:19] - request-coming
2019-04-15 20:53:28.320 [qtp699871906-29] INFO  [com.ruantong.house.filter.LoginFilter:19] - request-coming
2019-04-15 20:53:28.316 [qtp699871906-27] INFO  [com.ruantong.house.filter.LoginFilter:19] - request-coming
2019-04-15 20:53:28.336 [qtp699871906-51] INFO  [com.ruantong.house.filter.LoginFilter:19] - request-coming
2019-04-15 20:53:28.356 [qtp699871906-53] INFO  [com.ruantong.house.filter.LoginFilter:19] - request-coming
