2019-04-14 20:40:47.901 [main] INFO  [o.s.b.t.context.SpringBootTestContextBootstrapper:319] - Neither @ContextConfiguration nor @ContextHierarchy found for test class [com.ruantong.house.HouseApplicationTests], using SpringBootContextLoader
2019-04-14 20:40:47.912 [main] INFO  [o.s.test.context.support.AbstractContextLoader:264] - Could not detect default resource locations for test class [com.ruantong.house.HouseApplicationTests]: no resource found for suffixes {-context.xml, Context.groovy}.
2019-04-14 20:40:47.913 [main] INFO  [o.s.t.c.support.AnnotationConfigContextLoaderUtils:81] - Could not detect default configuration classes for test class [com.ruantong.house.HouseApplicationTests]: HouseApplicationTests does not declare any static, non-private, non-final, nested classes annotated with @Configuration.
2019-04-14 20:40:48.047 [main] INFO  [o.s.b.t.context.SpringBootTestContextBootstrapper:177] - Found @SpringBootConfiguration com.ruantong.house.HouseApplication for test class com.ruantong.house.HouseApplicationTests
2019-04-14 20:40:48.056 [main] INFO  [o.s.b.t.context.SpringBootTestContextBootstrapper:260] - Loaded default TestExecutionListener class names from location [META-INF/spring.factories]: [org.springframework.boot.test.mock.mockito.MockitoTestExecutionListener, org.springframework.boot.test.mock.mockito.ResetMocksTestExecutionListener, org.springframework.boot.test.autoconfigure.restdocs.RestDocsTestExecutionListener, org.springframework.boot.test.autoconfigure.web.client.MockRestServiceServerResetTestExecutionListener, org.springframework.boot.test.autoconfigure.web.servlet.MockMvcPrintOnlyOnFailureTestExecutionListener, org.springframework.boot.test.autoconfigure.web.servlet.WebDriverTestExecutionListener, org.springframework.test.context.web.ServletTestExecutionListener, org.springframework.test.context.support.DirtiesContextBeforeModesTestExecutionListener, org.springframework.test.context.support.DependencyInjectionTestExecutionListener, org.springframework.test.context.support.DirtiesContextTestExecutionListener, org.springframework.test.context.transaction.TransactionalTestExecutionListener, org.springframework.test.context.jdbc.SqlScriptsTestExecutionListener]
2019-04-14 20:40:48.081 [main] INFO  [o.s.b.t.context.SpringBootTestContextBootstrapper:187] - Using TestExecutionListeners: [org.springframework.test.context.web.ServletTestExecutionListener@5e316c74, org.springframework.test.context.support.DirtiesContextBeforeModesTestExecutionListener@6d2a209c, org.springframework.boot.test.autoconfigure.SpringBootDependencyInjectionTestExecutionListener@75329a49, org.springframework.test.context.support.DirtiesContextTestExecutionListener@161479c6, org.springframework.test.context.transaction.TransactionalTestExecutionListener@4313f5bc, org.springframework.test.context.jdbc.SqlScriptsTestExecutionListener@7f010382, org.springframework.boot.test.mock.mockito.MockitoTestExecutionListener@1e802ef9, org.springframework.boot.test.autoconfigure.web.client.MockRestServiceServerResetTestExecutionListener@2b6faea6, org.springframework.boot.test.autoconfigure.web.servlet.WebDriverTestExecutionListener@778d1062, org.springframework.boot.test.mock.mockito.ResetMocksTestExecutionListener@670002, org.springframework.boot.test.autoconfigure.restdocs.RestDocsTestExecutionListener@1f0f1111, org.springframework.boot.test.autoconfigure.web.servlet.MockMvcPrintOnlyOnFailureTestExecutionListener@49c386c8]
2019-04-14 20:40:48.934 [background-preinit] INFO  [org.hibernate.validator.internal.util.Version:30] - HV000001: Hibernate Validator 5.2.5.Final
2019-04-14 20:40:49.228 [main] INFO  [com.ruantong.house.HouseApplicationTests:48] - Starting HouseApplicationTests on PC-20181228WIPD with PID 9652 (started by Administrator in D:\houses)
2019-04-14 20:40:49.229 [main] INFO  [com.ruantong.house.HouseApplicationTests:662] - No active profile set, falling back to default profiles: default
2019-04-14 20:40:49.328 [main] INFO  [o.s.w.context.support.GenericWebApplicationContext:583] - Refreshing org.springframework.web.context.support.GenericWebApplicationContext@5d908d47: startup date [Sun Apr 14 20:40:49 CST 2019]; root of context hierarchy
2019-04-14 20:40:50.667 [main] INFO  [o.s.b.factory.support.DefaultListableBeanFactory:828] - Overriding bean definition for bean 'servletRegistrationBean' with a different definition: replacing [Root bean: class [null]; scope=; abstract=false; lazyInit=false; autowireMode=3; dependencyCheck=0; autowireCandidate=true; primary=false; factoryBeanName=druidConfig; factoryMethodName=servletRegistrationBean; initMethodName=null; destroyMethodName=(inferred); defined in class path resource [com/ruantong/house/config/DruidConfig.class]] with [Root bean: class [null]; scope=; abstract=false; lazyInit=false; autowireMode=3; dependencyCheck=0; autowireCandidate=true; primary=false; factoryBeanName=com.alibaba.druid.spring.boot.autoconfigure.DruidStatViewServletConfiguration; factoryMethodName=servletRegistrationBean; initMethodName=null; destroyMethodName=(inferred); defined in class path resource [com/alibaba/druid/spring/boot/autoconfigure/DruidStatViewServletConfiguration.class]]
2019-04-14 20:40:52.295 [main] INFO  [com.alibaba.druid.pool.DruidDataSource:847] - {dataSource-1} inited
2019-04-14 20:40:53.783 [main] INFO  [o.s.w.s.m.m.a.RequestMappingHandlerAdapter:534] - Looking for @ControllerAdvice: org.springframework.web.context.support.GenericWebApplicationContext@5d908d47: startup date [Sun Apr 14 20:40:49 CST 2019]; root of context hierarchy
2019-04-14 20:40:53.869 [main] INFO  [o.s.w.s.m.m.a.RequestMappingHandlerMapping:543] - Mapped "{[/index]}" onto public java.lang.String com.ruantong.house.controller.HelloController.index()
2019-04-14 20:40:53.871 [main] INFO  [o.s.w.s.m.m.a.RequestMappingHandlerMapping:543] - Mapped "{[/hello]}" onto public java.lang.String com.ruantong.house.controller.HelloController.hello(org.springframework.ui.ModelMap)
2019-04-14 20:40:53.872 [main] INFO  [o.s.w.s.m.m.a.RequestMappingHandlerMapping:543] - Mapped "{[/user]}" onto public java.util.List<com.ruantong.house.model.User> com.ruantong.house.controller.UserController.getUsers()
2019-04-14 20:40:53.874 [main] INFO  [o.s.w.s.m.m.a.RequestMappingHandlerMapping:543] - Mapped "{[/error]}" onto public org.springframework.http.ResponseEntity<java.util.Map<java.lang.String, java.lang.Object>> org.springframework.boot.autoconfigure.web.BasicErrorController.error(javax.servlet.http.HttpServletRequest)
2019-04-14 20:40:53.875 [main] INFO  [o.s.w.s.m.m.a.RequestMappingHandlerMapping:543] - Mapped "{[/error],produces=[text/html]}" onto public org.springframework.web.servlet.ModelAndView org.springframework.boot.autoconfigure.web.BasicErrorController.errorHtml(javax.servlet.http.HttpServletRequest,javax.servlet.http.HttpServletResponse)
2019-04-14 20:40:53.912 [main] INFO  [o.s.web.servlet.handler.SimpleUrlHandlerMapping:362] - Mapped URL path [/webjars/**] onto handler of type [class org.springframework.web.servlet.resource.ResourceHttpRequestHandler]
2019-04-14 20:40:53.913 [main] INFO  [o.s.web.servlet.handler.SimpleUrlHandlerMapping:362] - Mapped URL path [/**] onto handler of type [class org.springframework.web.servlet.resource.ResourceHttpRequestHandler]
2019-04-14 20:40:53.960 [main] INFO  [o.s.web.servlet.handler.SimpleUrlHandlerMapping:362] - Mapped URL path [/**/favicon.ico] onto handler of type [class org.springframework.web.servlet.resource.ResourceHttpRequestHandler]
2019-04-14 20:40:54.560 [main] INFO  [o.s.w.servlet.view.freemarker.FreeMarkerConfigurer:127] - ClassTemplateLoader for Spring macros added to FreeMarker configuration
2019-04-14 20:40:54.826 [main] INFO  [com.ruantong.house.HouseApplicationTests:57] - Started HouseApplicationTests in 6.624 seconds (JVM running for 8.021)
2019-04-14 20:40:55.145 [Thread-1] INFO  [o.s.w.context.support.GenericWebApplicationContext:984] - Closing org.springframework.web.context.support.GenericWebApplicationContext@5d908d47: startup date [Sun Apr 14 20:40:49 CST 2019]; root of context hierarchy
2019-04-14 20:40:55.155 [Thread-1] INFO  [com.alibaba.druid.pool.DruidDataSource:1608] - {dataSource-1} closed
2019-04-14 20:42:59.747 [main] INFO  [com.ruantong.house.HouseApplication:48] - Starting HouseApplication on PC-20181228WIPD with PID 9856 (D:\houses\target\classes started by Administrator in D:\houses)
2019-04-14 20:42:59.750 [main] INFO  [com.ruantong.house.HouseApplication:662] - No active profile set, falling back to default profiles: default
2019-04-14 20:42:59.757 [background-preinit] INFO  [org.hibernate.validator.internal.util.Version:30] - HV000001: Hibernate Validator 5.2.5.Final
2019-04-14 20:42:59.827 [main] INFO  [o.s.b.c.e.AnnotationConfigEmbeddedWebApplicationContext:583] - Refreshing org.springframework.boot.context.embedded.AnnotationConfigEmbeddedWebApplicationContext@158da8e: startup date [Sun Apr 14 20:42:59 CST 2019]; root of context hierarchy
2019-04-14 20:43:00.664 [main] INFO  [o.s.b.factory.support.DefaultListableBeanFactory:828] - Overriding bean definition for bean 'servletRegistrationBean' with a different definition: replacing [Root bean: class [null]; scope=; abstract=false; lazyInit=false; autowireMode=3; dependencyCheck=0; autowireCandidate=true; primary=false; factoryBeanName=druidConfig; factoryMethodName=servletRegistrationBean; initMethodName=null; destroyMethodName=(inferred); defined in class path resource [com/ruantong/house/config/DruidConfig.class]] with [Root bean: class [null]; scope=; abstract=false; lazyInit=false; autowireMode=3; dependencyCheck=0; autowireCandidate=true; primary=false; factoryBeanName=com.alibaba.druid.spring.boot.autoconfigure.DruidStatViewServletConfiguration; factoryMethodName=servletRegistrationBean; initMethodName=null; destroyMethodName=(inferred); defined in class path resource [com/alibaba/druid/spring/boot/autoconfigure/DruidStatViewServletConfiguration.class]]
2019-04-14 20:43:01.184 [main] INFO  [org.eclipse.jetty.util.log:192] - Logging initialized @3469ms
2019-04-14 20:43:01.240 [main] INFO  [o.s.b.c.e.j.JettyEmbeddedServletContainerFactory:173] - Server initialized with port: 8090
2019-04-14 20:43:01.241 [main] INFO  [org.eclipse.jetty.server.Server:346] - jetty-9.3.19.v20170502
2019-04-14 20:43:01.304 [main] INFO  [application:2167] - Initializing Spring embedded WebApplicationContext
2019-04-14 20:43:01.305 [main] INFO  [org.springframework.web.context.ContextLoader:276] - Root WebApplicationContext: initialization completed in 1477 ms
2019-04-14 20:43:01.438 [main] INFO  [o.s.boot.web.servlet.ServletRegistrationBean:190] - Mapping servlet: 'statViewServlet' to [/druid/*]
2019-04-14 20:43:01.440 [main] INFO  [o.s.boot.web.servlet.ServletRegistrationBean:190] - Mapping servlet: 'dispatcherServlet' to [/]
2019-04-14 20:43:01.441 [main] INFO  [o.s.boot.web.servlet.FilterRegistrationBean:258] - Mapping filter: 'characterEncodingFilter' to: [/*]
2019-04-14 20:43:01.441 [main] INFO  [o.s.boot.web.servlet.FilterRegistrationBean:258] - Mapping filter: 'hiddenHttpMethodFilter' to: [/*]
2019-04-14 20:43:01.442 [main] INFO  [o.s.boot.web.servlet.FilterRegistrationBean:258] - Mapping filter: 'httpPutFormContentFilter' to: [/*]
2019-04-14 20:43:01.442 [main] INFO  [o.s.boot.web.servlet.FilterRegistrationBean:258] - Mapping filter: 'requestContextFilter' to: [/*]
2019-04-14 20:43:01.442 [main] INFO  [o.s.boot.web.servlet.FilterRegistrationBean:271] - Mapping filter: 'loginFilter' to urls: [*]
2019-04-14 20:43:01.442 [main] INFO  [o.s.boot.web.servlet.FilterRegistrationBean:271] - Mapping filter: 'webStatFilter' to urls: [/*]
2019-04-14 20:43:01.953 [main] INFO  [org.eclipse.jetty.server.handler.ContextHandler:781] - Started o.s.b.c.e.j.JettyEmbeddedWebAppContext@7103ab0{/,[file:///C:/Users/Administrator/AppData/Local/Temp/jetty-docbase.1554093833899112644.8090/],AVAILABLE}
2019-04-14 20:43:01.953 [main] INFO  [org.eclipse.jetty.server.Server:414] - Started @4237ms
2019-04-14 20:43:02.283 [main] INFO  [com.alibaba.druid.pool.DruidDataSource:847] - {dataSource-1} inited
2019-04-14 20:43:02.680 [main] INFO  [o.s.w.s.m.m.a.RequestMappingHandlerAdapter:534] - Looking for @ControllerAdvice: org.springframework.boot.context.embedded.AnnotationConfigEmbeddedWebApplicationContext@158da8e: startup date [Sun Apr 14 20:42:59 CST 2019]; root of context hierarchy
2019-04-14 20:43:02.723 [main] INFO  [o.s.w.s.m.m.a.RequestMappingHandlerMapping:543] - Mapped "{[/index]}" onto public java.lang.String com.ruantong.house.controller.HelloController.index()
2019-04-14 20:43:02.724 [main] INFO  [o.s.w.s.m.m.a.RequestMappingHandlerMapping:543] - Mapped "{[/hello]}" onto public java.lang.String com.ruantong.house.controller.HelloController.hello(org.springframework.ui.ModelMap)
2019-04-14 20:43:02.725 [main] INFO  [o.s.w.s.m.m.a.RequestMappingHandlerMapping:543] - Mapped "{[/user]}" onto public java.util.List<com.ruantong.house.model.User> com.ruantong.house.controller.UserController.getUsers()
2019-04-14 20:43:02.727 [main] INFO  [o.s.w.s.m.m.a.RequestMappingHandlerMapping:543] - Mapped "{[/error]}" onto public org.springframework.http.ResponseEntity<java.util.Map<java.lang.String, java.lang.Object>> org.springframework.boot.autoconfigure.web.BasicErrorController.error(javax.servlet.http.HttpServletRequest)
2019-04-14 20:43:02.728 [main] INFO  [o.s.w.s.m.m.a.RequestMappingHandlerMapping:543] - Mapped "{[/error],produces=[text/html]}" onto public org.springframework.web.servlet.ModelAndView org.springframework.boot.autoconfigure.web.BasicErrorController.errorHtml(javax.servlet.http.HttpServletRequest,javax.servlet.http.HttpServletResponse)
2019-04-14 20:43:02.751 [main] INFO  [o.s.web.servlet.handler.SimpleUrlHandlerMapping:362] - Mapped URL path [/webjars/**] onto handler of type [class org.springframework.web.servlet.resource.ResourceHttpRequestHandler]
2019-04-14 20:43:02.751 [main] INFO  [o.s.web.servlet.handler.SimpleUrlHandlerMapping:362] - Mapped URL path [/**] onto handler of type [class org.springframework.web.servlet.resource.ResourceHttpRequestHandler]
2019-04-14 20:43:02.779 [main] INFO  [o.s.web.servlet.handler.SimpleUrlHandlerMapping:362] - Mapped URL path [/**/favicon.ico] onto handler of type [class org.springframework.web.servlet.resource.ResourceHttpRequestHandler]
2019-04-14 20:43:02.919 [main] INFO  [o.s.w.servlet.view.freemarker.FreeMarkerConfigurer:127] - ClassTemplateLoader for Spring macros added to FreeMarker configuration
2019-04-14 20:43:03.082 [main] INFO  [o.s.jmx.export.annotation.AnnotationMBeanExporter:431] - Registering beans for JMX exposure on startup
2019-04-14 20:43:03.083 [main] INFO  [o.s.jmx.export.annotation.AnnotationMBeanExporter:916] - Bean with name 'dataSource' has been autodetected for JMX exposure
2019-04-14 20:43:03.083 [main] INFO  [o.s.jmx.export.annotation.AnnotationMBeanExporter:916] - Bean with name 'statFilter' has been autodetected for JMX exposure
2019-04-14 20:43:03.088 [main] INFO  [o.s.jmx.export.annotation.AnnotationMBeanExporter:671] - Located MBean 'dataSource': registering with JMX server as MBean [com.alibaba.druid.pool:name=dataSource,type=DruidDataSource]
2019-04-14 20:43:03.089 [main] INFO  [o.s.jmx.export.annotation.AnnotationMBeanExporter:671] - Located MBean 'statFilter': registering with JMX server as MBean [com.alibaba.druid.filter.stat:name=statFilter,type=StatFilter]
2019-04-14 20:43:03.102 [main] INFO  [application:2167] - Initializing Spring FrameworkServlet 'dispatcherServlet'
2019-04-14 20:43:03.102 [main] INFO  [org.springframework.web.servlet.DispatcherServlet:489] - FrameworkServlet 'dispatcherServlet': initialization started
2019-04-14 20:43:03.111 [main] INFO  [org.springframework.web.servlet.DispatcherServlet:508] - FrameworkServlet 'dispatcherServlet': initialization completed in 9 ms
2019-04-14 20:43:03.311 [main] INFO  [org.eclipse.jetty.server.AbstractConnector:278] - Started ServerConnector@1676ee00{HTTP/1.1,[http/1.1]}{0.0.0.0:8090}
2019-04-14 20:43:03.313 [main] INFO  [o.s.b.c.e.jetty.JettyEmbeddedServletContainer:144] - Jetty started on port(s) 8090 (http/1.1)
2019-04-14 20:43:03.317 [main] INFO  [com.ruantong.house.HouseApplication:57] - Started HouseApplication in 4.142 seconds (JVM running for 5.601)
